2022-04-29 11:42:33.224  INFO 1080 --- [restartedMain] com.zee.demo.ComZeeDemoApplication       : Starting ComZeeDemoApplication using Java 11.0.2 on DESKTOP-KFP7J4E with PID 1080 (C:\VamanCode\STS_WS_2022\com-zee-demo\target\classes started by Vaman in C:\VamanCode\STS_WS_2022\com-zee-demo)
2022-04-29 11:42:33.226  INFO 1080 --- [restartedMain] com.zee.demo.ComZeeDemoApplication       : No active profile set, falling back to 1 default profile: "default"
2022-04-29 11:42:37.133  INFO 1080 --- [restartedMain] .s.d.r.c.RepositoryConfigurationDelegate : Bootstrapping Spring Data JPA repositories in DEFAULT mode.
2022-04-29 11:42:37.186  INFO 1080 --- [restartedMain] .s.d.r.c.RepositoryConfigurationDelegate : Finished Spring Data repository scanning in 42 ms. Found 1 JPA repository interfaces.
2022-04-29 11:42:37.845  INFO 1080 --- [restartedMain] o.s.b.w.embedded.tomcat.TomcatWebServer  : Tomcat initialized with port(s): 8888 (http)
2022-04-29 11:42:37.860  INFO 1080 --- [restartedMain] o.apache.catalina.core.StandardService   : Starting service [Tomcat]
2022-04-29 11:42:37.861  INFO 1080 --- [restartedMain] org.apache.catalina.core.StandardEngine  : Starting Servlet engine: [Apache Tomcat/9.0.62]
2022-04-29 11:42:38.009  INFO 1080 --- [restartedMain] o.a.c.c.C.[Tomcat].[localhost].[/]       : Initializing Spring embedded WebApplicationContext
2022-04-29 11:42:38.011  INFO 1080 --- [restartedMain] w.s.c.ServletWebServerApplicationContext : Root WebApplicationContext: initialization completed in 4774 ms
2022-04-29 11:42:41.015  INFO 1080 --- [restartedMain] o.hibernate.jpa.internal.util.LogHelper  : HHH000204: Processing PersistenceUnitInfo [name: default]
2022-04-29 11:42:41.109  INFO 1080 --- [restartedMain] com.zaxxer.hikari.HikariDataSource       : HikariPool-20 - Starting...
2022-04-29 11:42:41.146  INFO 1080 --- [restartedMain] com.zaxxer.hikari.HikariDataSource       : HikariPool-20 - Start completed.
2022-04-29 11:42:41.147  INFO 1080 --- [restartedMain] org.hibernate.dialect.Dialect            : HHH000400: Using dialect: org.hibernate.dialect.MySQL8Dialect
2022-04-29 11:42:41.234  INFO 1080 --- [restartedMain] o.h.e.t.j.p.i.JtaPlatformInitiator       : HHH000490: Using JtaPlatform implementation: [org.hibernate.engine.transaction.jta.platform.internal.NoJtaPlatform]
2022-04-29 11:42:41.234  INFO 1080 --- [restartedMain] j.LocalContainerEntityManagerFactoryBean : Initialized JPA EntityManagerFactory for persistence unit 'default'
2022-04-29 11:42:43.721  WARN 1080 --- [restartedMain] JpaBaseConfiguration$JpaWebConfiguration : spring.jpa.open-in-view is enabled by default. Therefore, database queries may be performed during view rendering. Explicitly configure spring.jpa.open-in-view to disable this warning
2022-04-29 11:42:45.569  INFO 1080 --- [restartedMain] o.s.b.d.a.OptionalLiveReloadServer       : LiveReload server is running on port 35729
2022-04-29 11:42:45.632  INFO 1080 --- [restartedMain] o.s.b.w.embedded.tomcat.TomcatWebServer  : Tomcat started on port(s): 8888 (http) with context path ''
2022-04-29 11:42:45.651  INFO 1080 --- [restartedMain] com.zee.demo.ComZeeDemoApplication       : Started ComZeeDemoApplication in 13.018 seconds (JVM running for 3779.687)
2022-04-29 11:42:45.656  INFO 1080 --- [restartedMain] .ConditionEvaluationDeltaLoggingListener : Condition evaluation unchanged
2022-04-29 11:42:45.660  INFO 1080 --- [restartedMain] com.zee.demo.ComZeeDemoApplication       : End
2022-04-29 11:43:18.782  INFO 1080 --- [Thread-79] j.LocalContainerEntityManagerFactoryBean : Closing JPA EntityManagerFactory for persistence unit 'default'
2022-04-29 11:43:18.789  INFO 1080 --- [Thread-79] com.zaxxer.hikari.HikariDataSource       : HikariPool-20 - Shutdown initiated...
2022-04-29 11:43:18.894  INFO 1080 --- [Thread-79] com.zaxxer.hikari.HikariDataSource       : HikariPool-20 - Shutdown completed.
2022-04-29 11:43:19.406  INFO 1080 --- [restartedMain] com.zee.demo.ComZeeDemoApplication       : Start
2022-04-29 11:43:20.063  INFO 1080 --- [restartedMain] com.zee.demo.ComZeeDemoApplication       : Starting ComZeeDemoApplication using Java 11.0.2 on DESKTOP-KFP7J4E with PID 1080 (C:\VamanCode\STS_WS_2022\com-zee-demo\target\classes started by Vaman in C:\VamanCode\STS_WS_2022\com-zee-demo)
2022-04-29 11:43:20.070  INFO 1080 --- [restartedMain] com.zee.demo.ComZeeDemoApplication       : No active profile set, falling back to 1 default profile: "default"
2022-04-29 11:43:25.162  INFO 1080 --- [restartedMain] .s.d.r.c.RepositoryConfigurationDelegate : Bootstrapping Spring Data JPA repositories in DEFAULT mode.
2022-04-29 11:43:25.203  INFO 1080 --- [restartedMain] .s.d.r.c.RepositoryConfigurationDelegate : Finished Spring Data repository scanning in 39 ms. Found 1 JPA repository interfaces.
2022-04-29 11:43:26.062  INFO 1080 --- [restartedMain] o.s.b.w.embedded.tomcat.TomcatWebServer  : Tomcat initialized with port(s): 8888 (http)
2022-04-29 11:43:26.064  INFO 1080 --- [restartedMain] o.apache.catalina.core.StandardService   : Starting service [Tomcat]
2022-04-29 11:43:26.065  INFO 1080 --- [restartedMain] org.apache.catalina.core.StandardEngine  : Starting Servlet engine: [Apache Tomcat/9.0.62]
2022-04-29 11:43:26.258  INFO 1080 --- [restartedMain] o.a.c.c.C.[Tomcat].[localhost].[/]       : Initializing Spring embedded WebApplicationContext
2022-04-29 11:43:26.259  INFO 1080 --- [restartedMain] w.s.c.ServletWebServerApplicationContext : Root WebApplicationContext: initialization completed in 6179 ms
2022-04-29 11:43:26.619  INFO 1080 --- [restartedMain] o.hibernate.jpa.internal.util.LogHelper  : HHH000204: Processing PersistenceUnitInfo [name: default]
2022-04-29 11:43:26.682  INFO 1080 --- [restartedMain] com.zaxxer.hikari.HikariDataSource       : HikariPool-21 - Starting...
2022-04-29 11:43:26.730  INFO 1080 --- [restartedMain] com.zaxxer.hikari.HikariDataSource       : HikariPool-21 - Start completed.
2022-04-29 11:43:26.731  INFO 1080 --- [restartedMain] org.hibernate.dialect.Dialect            : HHH000400: Using dialect: org.hibernate.dialect.MySQL8Dialect
2022-04-29 11:43:32.225  INFO 1080 --- [restartedMain] o.h.e.t.j.p.i.JtaPlatformInitiator       : HHH000490: Using JtaPlatform implementation: [org.hibernate.engine.transaction.jta.platform.internal.NoJtaPlatform]
2022-04-29 11:43:32.225  INFO 1080 --- [restartedMain] j.LocalContainerEntityManagerFactoryBean : Initialized JPA EntityManagerFactory for persistence unit 'default'
2022-04-29 11:43:37.206  WARN 1080 --- [restartedMain] JpaBaseConfiguration$JpaWebConfiguration : spring.jpa.open-in-view is enabled by default. Therefore, database queries may be performed during view rendering. Explicitly configure spring.jpa.open-in-view to disable this warning
2022-04-29 11:43:38.055  INFO 1080 --- [restartedMain] o.s.b.d.a.OptionalLiveReloadServer       : LiveReload server is running on port 35729
2022-04-29 11:43:38.130  INFO 1080 --- [restartedMain] o.s.b.w.embedded.tomcat.TomcatWebServer  : Tomcat started on port(s): 8888 (http) with context path ''
2022-04-29 11:43:38.136  INFO 1080 --- [restartedMain] com.zee.demo.ComZeeDemoApplication       : Started ComZeeDemoApplication in 18.689 seconds (JVM running for 3832.173)
2022-04-29 11:43:38.144  INFO 1080 --- [restartedMain] .ConditionEvaluationDeltaLoggingListener : Condition evaluation unchanged
2022-04-29 11:43:38.144  INFO 1080 --- [restartedMain] com.zee.demo.ComZeeDemoApplication       : End
2022-04-29 11:43:42.613  INFO 1080 --- [Thread-83] j.LocalContainerEntityManagerFactoryBean : Closing JPA EntityManagerFactory for persistence unit 'default'
2022-04-29 11:43:42.620  INFO 1080 --- [Thread-83] com.zaxxer.hikari.HikariDataSource       : HikariPool-21 - Shutdown initiated...
2022-04-29 11:43:42.803  INFO 1080 --- [Thread-83] com.zaxxer.hikari.HikariDataSource       : HikariPool-21 - Shutdown completed.
2022-04-29 11:43:43.144  INFO 1080 --- [restartedMain] com.zee.demo.ComZeeDemoApplication       : Start
2022-04-29 11:43:43.499  INFO 1080 --- [restartedMain] com.zee.demo.ComZeeDemoApplication       : Starting ComZeeDemoApplication using Java 11.0.2 on DESKTOP-KFP7J4E with PID 1080 (C:\VamanCode\STS_WS_2022\com-zee-demo\target\classes started by Vaman in C:\VamanCode\STS_WS_2022\com-zee-demo)
2022-04-29 11:43:43.500  INFO 1080 --- [restartedMain] com.zee.demo.ComZeeDemoApplication       : No active profile set, falling back to 1 default profile: "default"
2022-04-29 11:43:45.601  INFO 1080 --- [restartedMain] .s.d.r.c.RepositoryConfigurationDelegate : Bootstrapping Spring Data JPA repositories in DEFAULT mode.
2022-04-29 11:43:45.784  INFO 1080 --- [restartedMain] .s.d.r.c.RepositoryConfigurationDelegate : Finished Spring Data repository scanning in 180 ms. Found 1 JPA repository interfaces.
2022-04-29 11:43:47.120  INFO 1080 --- [restartedMain] o.s.b.w.embedded.tomcat.TomcatWebServer  : Tomcat initialized with port(s): 8888 (http)
2022-04-29 11:43:47.122  INFO 1080 --- [restartedMain] o.apache.catalina.core.StandardService   : Starting service [Tomcat]
2022-04-29 11:43:47.123  INFO 1080 --- [restartedMain] org.apache.catalina.core.StandardEngine  : Starting Servlet engine: [Apache Tomcat/9.0.62]
2022-04-29 11:43:47.509  INFO 1080 --- [restartedMain] o.a.c.c.C.[Tomcat].[localhost].[/]       : Initializing Spring embedded WebApplicationContext
2022-04-29 11:43:47.509  INFO 1080 --- [restartedMain] w.s.c.ServletWebServerApplicationContext : Root WebApplicationContext: initialization completed in 3988 ms
2022-04-29 11:43:48.076  INFO 1080 --- [restartedMain] o.hibernate.jpa.internal.util.LogHelper  : HHH000204: Processing PersistenceUnitInfo [name: default]
2022-04-29 11:43:52.455  INFO 1080 --- [restartedMain] com.zaxxer.hikari.HikariDataSource       : HikariPool-22 - Starting...
2022-04-29 11:43:52.486  INFO 1080 --- [restartedMain] com.zaxxer.hikari.HikariDataSource       : HikariPool-22 - Start completed.
2022-04-29 11:43:52.487  INFO 1080 --- [restartedMain] org.hibernate.dialect.Dialect            : HHH000400: Using dialect: org.hibernate.dialect.MySQL8Dialect
2022-04-29 11:43:52.692  INFO 1080 --- [restartedMain] o.h.e.t.j.p.i.JtaPlatformInitiator       : HHH000490: Using JtaPlatform implementation: [org.hibernate.engine.transaction.jta.platform.internal.NoJtaPlatform]
2022-04-29 11:43:52.693  INFO 1080 --- [restartedMain] j.LocalContainerEntityManagerFactoryBean : Initialized JPA EntityManagerFactory for persistence unit 'default'
2022-04-29 11:43:53.351  WARN 1080 --- [restartedMain] JpaBaseConfiguration$JpaWebConfiguration : spring.jpa.open-in-view is enabled by default. Therefore, database queries may be performed during view rendering. Explicitly configure spring.jpa.open-in-view to disable this warning
2022-04-29 11:43:54.070  INFO 1080 --- [restartedMain] o.s.b.d.a.OptionalLiveReloadServer       : LiveReload server is running on port 35729
2022-04-29 11:43:54.145  INFO 1080 --- [restartedMain] o.s.b.w.embedded.tomcat.TomcatWebServer  : Tomcat started on port(s): 8888 (http) with context path ''
2022-04-29 11:43:54.154  INFO 1080 --- [restartedMain] com.zee.demo.ComZeeDemoApplication       : Started ComZeeDemoApplication in 10.978 seconds (JVM running for 3848.192)
2022-04-29 11:43:54.157  INFO 1080 --- [restartedMain] .ConditionEvaluationDeltaLoggingListener : Condition evaluation unchanged
2022-04-29 11:43:54.158  INFO 1080 --- [restartedMain] com.zee.demo.ComZeeDemoApplication       : End
2022-04-29 11:44:21.791  INFO 1080 --- [http-nio-8888-exec-10] o.a.c.c.C.[Tomcat].[localhost].[/]       : Initializing Spring DispatcherServlet 'dispatcherServlet'
2022-04-29 11:44:21.796  INFO 1080 --- [http-nio-8888-exec-10] o.s.web.servlet.DispatcherServlet        : Initializing Servlet 'dispatcherServlet'
2022-04-29 11:44:21.802  INFO 1080 --- [http-nio-8888-exec-10] o.s.web.servlet.DispatcherServlet        : Completed initialization in 2 ms
2022-04-29 11:44:21.810  INFO 1080 --- [http-nio-8888-exec-10] c.z.demo.controller.EmployeeController   : getAllEmps
2022-04-29 11:44:21.816  INFO 1080 --- [http-nio-8888-exec-10] com.zee.demo.service.EmployeeService     : getAllEmployees
2022-04-29 11:44:35.231  INFO 1080 --- [http-nio-8888-exec-8] c.z.demo.controller.EmployeeController   : 110
2022-04-29 11:44:35.233  INFO 1080 --- [http-nio-8888-exec-8] com.zee.demo.service.EmployeeService     : getEmployeeById 110
2022-04-29 11:44:38.901  INFO 1080 --- [http-nio-8888-exec-7] c.z.demo.controller.EmployeeController   : 111
2022-04-29 11:44:38.901  INFO 1080 --- [http-nio-8888-exec-7] com.zee.demo.service.EmployeeService     : getEmployeeById 111
2022-04-29 11:44:38.915  WARN 1080 --- [http-nio-8888-exec-7] com.zee.demo.service.EmployeeService     : No value present
2022-04-29 11:45:59.565  INFO 1080 --- [Thread-87] j.LocalContainerEntityManagerFactoryBean : Closing JPA EntityManagerFactory for persistence unit 'default'
2022-04-29 11:45:59.569  INFO 1080 --- [Thread-87] com.zaxxer.hikari.HikariDataSource       : HikariPool-22 - Shutdown initiated...
2022-04-29 11:45:59.631  INFO 1080 --- [Thread-87] com.zaxxer.hikari.HikariDataSource       : HikariPool-22 - Shutdown completed.
2022-04-29 11:45:59.863  INFO 1080 --- [restartedMain] com.zee.demo.ComZeeDemoApplication       : Start
2022-04-29 11:46:00.253  INFO 1080 --- [restartedMain] com.zee.demo.ComZeeDemoApplication       : Starting ComZeeDemoApplication using Java 11.0.2 on DESKTOP-KFP7J4E with PID 1080 (C:\VamanCode\STS_WS_2022\com-zee-demo\target\classes started by Vaman in C:\VamanCode\STS_WS_2022\com-zee-demo)
2022-04-29 11:46:00.254  INFO 1080 --- [restartedMain] com.zee.demo.ComZeeDemoApplication       : No active profile set, falling back to 1 default profile: "default"
2022-04-29 11:46:02.096  INFO 1080 --- [restartedMain] .s.d.r.c.RepositoryConfigurationDelegate : Bootstrapping Spring Data JPA repositories in DEFAULT mode.
2022-04-29 11:46:02.138  INFO 1080 --- [restartedMain] .s.d.r.c.RepositoryConfigurationDelegate : Finished Spring Data repository scanning in 37 ms. Found 1 JPA repository interfaces.
2022-04-29 11:46:02.995  INFO 1080 --- [restartedMain] o.s.b.w.embedded.tomcat.TomcatWebServer  : Tomcat initialized with port(s): 8888 (http)
2022-04-29 11:46:02.997  INFO 1080 --- [restartedMain] o.apache.catalina.core.StandardService   : Starting service [Tomcat]
2022-04-29 11:46:02.999  INFO 1080 --- [restartedMain] org.apache.catalina.core.StandardEngine  : Starting Servlet engine: [Apache Tomcat/9.0.62]
2022-04-29 11:46:03.062  INFO 1080 --- [restartedMain] o.a.c.c.C.[Tomcat].[localhost].[/]       : Initializing Spring embedded WebApplicationContext
2022-04-29 11:46:03.063  INFO 1080 --- [restartedMain] w.s.c.ServletWebServerApplicationContext : Root WebApplicationContext: initialization completed in 2782 ms
2022-04-29 11:46:03.271  INFO 1080 --- [restartedMain] o.hibernate.jpa.internal.util.LogHelper  : HHH000204: Processing PersistenceUnitInfo [name: default]
2022-04-29 11:46:03.290  INFO 1080 --- [restartedMain] com.zaxxer.hikari.HikariDataSource       : HikariPool-23 - Starting...
2022-04-29 11:46:03.399  INFO 1080 --- [restartedMain] com.zaxxer.hikari.HikariDataSource       : HikariPool-23 - Start completed.
2022-04-29 11:46:03.401  INFO 1080 --- [restartedMain] org.hibernate.dialect.Dialect            : HHH000400: Using dialect: org.hibernate.dialect.MySQL8Dialect
2022-04-29 11:46:03.572  INFO 1080 --- [restartedMain] o.h.e.t.j.p.i.JtaPlatformInitiator       : HHH000490: Using JtaPlatform implementation: [org.hibernate.engine.transaction.jta.platform.internal.NoJtaPlatform]
2022-04-29 11:46:03.573  INFO 1080 --- [restartedMain] j.LocalContainerEntityManagerFactoryBean : Initialized JPA EntityManagerFactory for persistence unit 'default'
